<?xml version="1.0" encoding="UTF-8"?>
<testsuite name="com.tg.ThemeParkApplicationIT" tests="3" skipped="0" failures="0" errors="0" timestamp="2020-10-09T05:54:28" hostname="LAPTOP-9Q30ACUF" time="0.449">
  <properties/>
  <testcase name="getsAllRides" classname="com.tg.ThemeParkApplicationIT" time="0.399"/>
  <testcase name="getsSingleRide" classname="com.tg.ThemeParkApplicationIT" time="0.036"/>
  <testcase name="returnsNotFoundForInvalidSingleRide" classname="com.tg.ThemeParkApplicationIT" time="0.012"/>
  <system-out><![CDATA[11:24:23.672 [Test worker] DEBUG org.springframework.test.annotation.ProfileValueUtils - Retrieved @ProfileValueSourceConfiguration [null] for test class [com.tg.ThemeParkApplicationIT]
11:24:23.672 [Test worker] DEBUG org.springframework.test.annotation.ProfileValueUtils - Retrieved ProfileValueSource type [class org.springframework.test.annotation.SystemProfileValueSource] for class [com.tg.ThemeParkApplicationIT]
11:24:23.672 [Test worker] DEBUG org.springframework.test.annotation.ProfileValueUtils - Retrieved @ProfileValueSourceConfiguration [null] for test class [com.tg.ThemeParkApplicationIT]
11:24:23.672 [Test worker] DEBUG org.springframework.test.annotation.ProfileValueUtils - Retrieved ProfileValueSource type [class org.springframework.test.annotation.SystemProfileValueSource] for class [com.tg.ThemeParkApplicationIT]
11:24:23.682 [Test worker] DEBUG org.springframework.test.context.support.AbstractDirtiesContextTestExecutionListener - Before test class: context [DefaultTestContext@2967ef23 testClass = ThemeParkApplicationIT, testInstance = [null], testMethod = [null], testException = [null], mergedContextConfiguration = [WebMergedContextConfiguration@76e2ee2e testClass = ThemeParkApplicationIT, locations = '{}', classes = '{class com.tg.ThemeParkApplication}', contextInitializerClasses = '[]', activeProfiles = '{}', propertySourceLocations = '{}', propertySourceProperties = '{org.springframework.boot.test.context.SpringBootTestContextBootstrapper=true}', contextCustomizers = set[org.springframework.boot.test.autoconfigure.properties.PropertyMappingContextCustomizer@4b3fa0b3, org.springframework.boot.test.autoconfigure.web.servlet.WebDriverContextCustomizerFactory$Customizer@6287e76d, [ImportsContextCustomizer@7412637e key = [org.springframework.boot.test.autoconfigure.web.servlet.MockMvcAutoConfiguration, org.springframework.boot.test.autoconfigure.web.servlet.MockMvcWebClientAutoConfiguration, org.springframework.boot.test.autoconfigure.web.servlet.MockMvcWebDriverAutoConfiguration, org.springframework.boot.autoconfigure.security.oauth2.client.servlet.OAuth2ClientAutoConfiguration, org.springframework.boot.autoconfigure.security.oauth2.resource.servlet.OAuth2ResourceServerAutoConfiguration, org.springframework.boot.autoconfigure.security.servlet.SecurityAutoConfiguration, org.springframework.boot.autoconfigure.security.servlet.SecurityFilterAutoConfiguration, org.springframework.boot.autoconfigure.security.servlet.UserDetailsServiceAutoConfiguration, org.springframework.boot.test.autoconfigure.web.servlet.MockMvcSecurityConfiguration]], org.springframework.boot.test.context.filter.ExcludeFilterContextCustomizer@70d73c23, org.springframework.boot.test.json.DuplicateJsonObjectContextCustomizerFactory$DuplicateJsonObjectContextCustomizer@3f646a39, org.springframework.boot.test.mock.mockito.MockitoContextCustomizer@0, org.springframework.boot.test.web.client.TestRestTemplateContextCustomizer@4c89f6cd, org.springframework.boot.test.context.SpringBootTestArgs@1], resourceBasePath = 'src/main/webapp', contextLoader = 'org.springframework.boot.test.context.SpringBootContextLoader', parent = [null]], attributes = map['org.springframework.test.context.web.ServletTestExecutionListener.activateListener' -> true]], class annotated with @DirtiesContext [false] with mode [null].
11:24:23.685 [Test worker] DEBUG org.springframework.test.annotation.ProfileValueUtils - Retrieved @ProfileValueSourceConfiguration [null] for test class [com.tg.ThemeParkApplicationIT]
11:24:23.686 [Test worker] DEBUG org.springframework.test.annotation.ProfileValueUtils - Retrieved ProfileValueSource type [class org.springframework.test.annotation.SystemProfileValueSource] for class [com.tg.ThemeParkApplicationIT]
11:24:23.715 [Test worker] DEBUG org.springframework.test.context.support.TestPropertySourceUtils - Adding inlined properties to environment: {spring.jmx.enabled=false, org.springframework.boot.test.context.SpringBootTestContextBootstrapper=true}

  .   ____          _            __ _ _
 /\\ / ___'_ __ _ _(_)_ __  __ _ \ \ \ \
( ( )\___ | '_ | '_| | '_ \/ _` | \ \ \ \
 \\/  ___)| |_)| | | | | || (_| |  ) ) ) )
  '  |____| .__|_| |_|_| |_\__, | / / / /
 =========|_|==============|___/=/_/_/_/
 :: Spring Boot ::        (v2.3.4.RELEASE)

2020-10-09 11:24:24.063  INFO 9344 --- [    Test worker] com.tg.ThemeParkApplicationIT            : Starting ThemeParkApplicationIT on LAPTOP-9Q30ACUF with PID 9344 (started by happy in D:\Applications\IntelliJ IDEA Community Edition 2020.2.3\projects)
2020-10-09 11:24:24.067  INFO 9344 --- [    Test worker] com.tg.ThemeParkApplicationIT            : No active profile set, falling back to default profiles: default
2020-10-09 11:24:25.113  INFO 9344 --- [    Test worker] .s.d.r.c.RepositoryConfigurationDelegate : Bootstrapping Spring Data JPA repositories in DEFERRED mode.
2020-10-09 11:24:25.181  INFO 9344 --- [    Test worker] .s.d.r.c.RepositoryConfigurationDelegate : Finished Spring Data repository scanning in 57ms. Found 1 JPA repository interfaces.
2020-10-09 11:24:25.798  INFO 9344 --- [    Test worker] o.s.s.concurrent.ThreadPoolTaskExecutor  : Initializing ExecutorService 'applicationTaskExecutor'
2020-10-09 11:24:25.821  INFO 9344 --- [    Test worker] com.zaxxer.hikari.HikariDataSource       : HikariPool-1 - Starting...
2020-10-09 11:24:26.056  INFO 9344 --- [    Test worker] com.zaxxer.hikari.HikariDataSource       : HikariPool-1 - Start completed.
2020-10-09 11:24:26.149  INFO 9344 --- [         task-1] o.hibernate.jpa.internal.util.LogHelper  : HHH000204: Processing PersistenceUnitInfo [name: default]
2020-10-09 11:24:26.222  INFO 9344 --- [         task-1] org.hibernate.Version                    : HHH000412: Hibernate ORM core version 5.4.21.Final
2020-10-09 11:24:26.445  INFO 9344 --- [         task-1] o.hibernate.annotations.common.Version   : HCANN000001: Hibernate Commons Annotations {5.1.0.Final}
2020-10-09 11:24:26.478  WARN 9344 --- [    Test worker] JpaBaseConfiguration$JpaWebConfiguration : spring.jpa.open-in-view is enabled by default. Therefore, database queries may be performed during view rendering. Explicitly configure spring.jpa.open-in-view to disable this warning
2020-10-09 11:24:26.659  INFO 9344 --- [         task-1] org.hibernate.dialect.Dialect            : HHH000400: Using dialect: org.hibernate.dialect.H2Dialect
2020-10-09 11:24:27.621  INFO 9344 --- [         task-1] o.h.e.t.j.p.i.JtaPlatformInitiator       : HHH000490: Using JtaPlatform implementation: [org.hibernate.engine.transaction.jta.platform.internal.NoJtaPlatform]
2020-10-09 11:24:27.629  INFO 9344 --- [         task-1] j.LocalContainerEntityManagerFactoryBean : Initialized JPA EntityManagerFactory for persistence unit 'default'
2020-10-09 11:24:27.806  INFO 9344 --- [    Test worker] o.s.b.t.m.w.SpringBootMockServletContext : Initializing Spring TestDispatcherServlet ''
2020-10-09 11:24:27.806  INFO 9344 --- [    Test worker] o.s.t.web.servlet.TestDispatcherServlet  : Initializing Servlet ''
2020-10-09 11:24:27.822  INFO 9344 --- [    Test worker] o.s.b.a.e.web.EndpointLinksResolver      : Exposing 2 endpoint(s) beneath base path '/actuator'
2020-10-09 11:24:27.859  INFO 9344 --- [    Test worker] o.s.t.web.servlet.TestDispatcherServlet  : Completed initialization in 52 ms
2020-10-09 11:24:27.889  INFO 9344 --- [    Test worker] DeferredRepositoryInitializationListener : Triggering deferred initialization of Spring Data repositories…
2020-10-09 11:24:28.229  INFO 9344 --- [    Test worker] DeferredRepositoryInitializationListener : Spring Data repositories initialized!
2020-10-09 11:24:28.246  INFO 9344 --- [    Test worker] com.tg.ThemeParkApplicationIT            : Started ThemeParkApplicationIT in 4.519 seconds (JVM running for 6.043)
]]></system-out>
  <system-err><![CDATA[]]></system-err>
</testsuite>
